Using pre-set license
Built from '2020.3/staging' branch; Version is '2020.3.5f1 (8095aa901b9b) revision 8426922'; Using compiler version '192528614'; Build Type 'Release'
OS: 'Windows 10 Pro; OS build 19041.985; Version 2004; 64bit' Language: 'fi' Physical Memory: 16300 MB
BatchMode: 1, IsHumanControllingUs: 0, StartBugReporterOnCrash: 0, Is64bit: 1, IsPro: 0

 COMMAND LINE ARGUMENTS:
C:\Program Files\Unity\Hub\Editor\2020.3.5f1\Editor\Unity.exe
-adb2
-batchMode
-noUpm
-name
AssetImportWorker0
-projectPath
C:/Users/osmom/Desktop/EezyPeezyGame/EezyPeezyGame
-logFile
Logs/AssetImportWorker0.log
-srvPort
51383
Successfully changed project path to: C:/Users/osmom/Desktop/EezyPeezyGame/EezyPeezyGame
C:/Users/osmom/Desktop/EezyPeezyGame/EezyPeezyGame
Using Asset Import Pipeline V2.
Refreshing native plugins compatible for Editor in 48.58 ms, found 1 plugins.
Preloading 0 native plugins for Editor in 0.00 ms.
Initialize engine version: 2020.3.5f1 (8095aa901b9b)
[Subsystems] Discovering subsystems at path C:/Program Files/Unity/Hub/Editor/2020.3.5f1/Editor/Data/Resources/UnitySubsystems
[Subsystems] Discovering subsystems at path C:/Users/osmom/Desktop/EezyPeezyGame/EezyPeezyGame/Assets
GfxDevice: creating device client; threaded=0
Direct3D:
    Version:  Direct3D 11.0 [level 11.1]
    Renderer: NVIDIA GeForce RTX 2060 SUPER (ID=0x1f06)
    Vendor:   
    VRAM:     8031 MB
    Driver:   27.21.14.6611
Shader 'Universal Render Pipeline/Particles/Lit': fallback shader 'Universal Render Pipeline/Particles/SimpleLit' not found
Initialize mono
Mono path[0] = 'C:/Program Files/Unity/Hub/Editor/2020.3.5f1/Editor/Data/Managed'
Mono path[1] = 'C:/Program Files/Unity/Hub/Editor/2020.3.5f1/Editor/Data/MonoBleedingEdge/lib/mono/unityjit'
Mono config path = 'C:/Program Files/Unity/Hub/Editor/2020.3.5f1/Editor/Data/MonoBleedingEdge/etc'
Using monoOptions --debugger-agent=transport=dt_socket,embedding=1,server=y,suspend=n,address=127.0.0.1:56144
Begin MonoManager ReloadAssembly
Registering precompiled unity dll's ...
Register platform support module: C:/Program Files/Unity/Hub/Editor/2020.3.5f1/Editor/Data/PlaybackEngines/WebGLSupport/UnityEditor.WebGL.Extensions.dll
Register platform support module: C:/Program Files/Unity/Hub/Editor/2020.3.5f1/Editor/Data/PlaybackEngines/WindowsStandaloneSupport/UnityEditor.WindowsStandalone.Extensions.dll
Registered in 0.001873 seconds.
Native extension for WindowsStandalone target not found
Native extension for WebGL target not found
Refreshing native plugins compatible for Editor in 48.48 ms, found 1 plugins.
Preloading 0 native plugins for Editor in 0.00 ms.
Mono: successfully reloaded assembly
- Completed reload, in  0.997 seconds
Platform modules already initialized, skipping
Registering precompiled user dll's ...
Registered in 0.001402 seconds.
Begin MonoManager ReloadAssembly
Native extension for WindowsStandalone target not found
Native extension for WebGL target not found
Refreshing native plugins compatible for Editor in 50.34 ms, found 1 plugins.
Preloading 0 native plugins for Editor in 0.00 ms.
Mono: successfully reloaded assembly
- Completed reload, in  0.909 seconds
Platform modules already initialized, skipping
========================================================================
Worker process is ready to serve import requests
Shader 'Universal Render Pipeline/Particles/Lit': fallback shader 'Universal Render Pipeline/Particles/SimpleLit' not found
Launched and connected shader compiler UnityShaderCompiler.exe after 0.04 seconds
Refreshing native plugins compatible for Editor in 0.62 ms, found 1 plugins.
Preloading 0 native plugins for Editor in 0.00 ms.
Unloading 2970 Unused Serialized files (Serialized files now loaded: 0)
System memory in use before: 132.5 MB.
System memory in use after: 132.7 MB.

Unloading 20 unused Assets to reduce memory usage. Loaded Objects now: 3415.
Total: 2.725800 ms (FindLiveObjects: 0.565400 ms CreateObjectMapping: 0.203700 ms MarkObjects: 1.883800 ms  DeleteObjects: 0.071100 ms)

========================================================================
Received Import Request.
  path: Assets/Scenes/MainMenu.unity
  artifactKey: Guid(e920ede1e70f16643bd87e9ea6bd00bb) Importer(815301076,1909f56bfc062723c751e8b465ee728b)
Start importing Assets/Scenes/MainMenu.unity using Guid(e920ede1e70f16643bd87e9ea6bd00bb) Importer(815301076,1909f56bfc062723c751e8b465ee728b)  -> (artifact id: 'eb394c49fd08d48791d95415de84f53e') in 0.017610 seconds
  Import took 0.022430 seconds .

========================================================================
Received Import Request.
  Time since last request: 10.330973 seconds.
  path: Assets/Scripts/TuronScripts
  artifactKey: Guid(85bc0e8d01b7b4b5ab2e0d3d8351ced8) Importer(815301076,1909f56bfc062723c751e8b465ee728b)
Start importing Assets/Scripts/TuronScripts using Guid(85bc0e8d01b7b4b5ab2e0d3d8351ced8) Importer(815301076,1909f56bfc062723c751e8b465ee728b)  -> (artifact id: 'a278c04efeec947955b0aaf9279da741') in 0.005671 seconds
  Import took 0.009599 seconds .

========================================================================
Received Import Request.
  Time since last request: 3.174462 seconds.
  path: Assets/Scripts
  artifactKey: Guid(2fe88c80c2b2e4403a088c3a497694e6) Importer(815301076,1909f56bfc062723c751e8b465ee728b)
Start importing Assets/Scripts using Guid(2fe88c80c2b2e4403a088c3a497694e6) Importer(815301076,1909f56bfc062723c751e8b465ee728b)  -> (artifact id: '249dac90986fa03837caa51510e66028') in 0.005529 seconds
  Import took 0.009762 seconds .

========================================================================
Received Import Request.
  Time since last request: 12.378101 seconds.
  path: Assets/Scripts/AsmonScripts.cs
  artifactKey: Guid(000707932ba0f6f42b70915fe2278dd4) Importer(815301076,1909f56bfc062723c751e8b465ee728b)
Start importing Assets/Scripts/AsmonScripts.cs using Guid(000707932ba0f6f42b70915fe2278dd4) Importer(815301076,1909f56bfc062723c751e8b465ee728b)  -> (artifact id: 'c8dd32220cdca8a705bd412a583fc99d') in 0.020368 seconds
  Import took 0.025081 seconds .

========================================================================
Received Prepare
Registering precompiled user dll's ...
Registered in 0.001231 seconds.
Begin MonoManager ReloadAssembly
Native extension for WindowsStandalone target not found
Native extension for WebGL target not found
Refreshing native plugins compatible for Editor in 0.45 ms, found 1 plugins.
Preloading 0 native plugins for Editor in 0.00 ms.
Mono: successfully reloaded assembly
- Completed reload, in  0.830 seconds
Platform modules already initialized, skipping
Shader 'Universal Render Pipeline/Particles/Lit': fallback shader 'Universal Render Pipeline/Particles/SimpleLit' not found
Refreshing native plugins compatible for Editor in 0.47 ms, found 1 plugins.
Preloading 0 native plugins for Editor in 0.00 ms.
Unloading 2844 Unused Serialized files (Serialized files now loaded: 0)
System memory in use before: 123.9 MB.
System memory in use after: 124.1 MB.

Unloading 8 unused Assets to reduce memory usage. Loaded Objects now: 3420.
Total: 2.102700 ms (FindLiveObjects: 0.275600 ms CreateObjectMapping: 0.117300 ms MarkObjects: 1.693500 ms  DeleteObjects: 0.015600 ms)

========================================================================
Received Prepare
Registering precompiled user dll's ...
Registered in 0.001252 seconds.
Begin MonoManager ReloadAssembly
Native extension for WindowsStandalone target not found
Native extension for WebGL target not found
Refreshing native plugins compatible for Editor in 0.51 ms, found 1 plugins.
Preloading 0 native plugins for Editor in 0.00 ms.
Mono: successfully reloaded assembly
- Completed reload, in  0.803 seconds
Platform modules already initialized, skipping
Shader 'Universal Render Pipeline/Particles/Lit': fallback shader 'Universal Render Pipeline/Particles/SimpleLit' not found
Refreshing native plugins compatible for Editor in 0.45 ms, found 1 plugins.
Preloading 0 native plugins for Editor in 0.00 ms.
Unloading 2843 Unused Serialized files (Serialized files now loaded: 0)
System memory in use before: 123.9 MB.
System memory in use after: 124.2 MB.

Unloading 9 unused Assets to reduce memory usage. Loaded Objects now: 3423.
Total: 2.806100 ms (FindLiveObjects: 0.277800 ms CreateObjectMapping: 0.151100 ms MarkObjects: 2.354000 ms  DeleteObjects: 0.022100 ms)

========================================================================
Received Import Request.
  Time since last request: 21.986229 seconds.
  path: Assets/Scripts/AsmonScripts
  artifactKey: Guid(5532a200cfdab884ea4f9ee89ad38997) Importer(815301076,1909f56bfc062723c751e8b465ee728b)
Start importing Assets/Scripts/AsmonScripts using Guid(5532a200cfdab884ea4f9ee89ad38997) Importer(815301076,1909f56bfc062723c751e8b465ee728b)  -> (artifact id: 'bade16292e7e87ca504aaf9af5e9bd75') in 0.004661 seconds
  Import took 0.008583 seconds .

========================================================================
Received Import Request.
  Time since last request: 0.004001 seconds.
  path: Assets/Scripts/AsmonScripts
  artifactKey: Guid(5532a200cfdab884ea4f9ee89ad38997) Importer(815301076,1909f56bfc062723c751e8b465ee728b)
Start importing Assets/Scripts/AsmonScripts using Guid(5532a200cfdab884ea4f9ee89ad38997) Importer(815301076,1909f56bfc062723c751e8b465ee728b)  -> (artifact id: 'bade16292e7e87ca504aaf9af5e9bd75') in 0.001909 seconds
  Import took 0.006028 seconds .

========================================================================
Received Import Request.
  Time since last request: 5.962383 seconds.
  path: Assets/Scripts/AsmonScripts/MainMenu.cs
  artifactKey: Guid(aa6871fd37f77814eb9e69e0cf1fab84) Importer(815301076,1909f56bfc062723c751e8b465ee728b)
Start importing Assets/Scripts/AsmonScripts/MainMenu.cs using Guid(aa6871fd37f77814eb9e69e0cf1fab84) Importer(815301076,1909f56bfc062723c751e8b465ee728b)  -> (artifact id: 'e3d690f314afb98c0f1c54cb78e31ce3') in 0.003520 seconds
  Import took 0.009709 seconds .

========================================================================
Received Prepare
Registering precompiled user dll's ...
Registered in 0.001333 seconds.
Begin MonoManager ReloadAssembly
Native extension for WindowsStandalone target not found
Native extension for WebGL target not found
Refreshing native plugins compatible for Editor in 0.46 ms, found 1 plugins.
Preloading 0 native plugins for Editor in 0.00 ms.
Mono: successfully reloaded assembly
- Completed reload, in  0.820 seconds
Platform modules already initialized, skipping
Shader 'Universal Render Pipeline/Particles/Lit': fallback shader 'Universal Render Pipeline/Particles/SimpleLit' not found
Refreshing native plugins compatible for Editor in 0.45 ms, found 1 plugins.
Preloading 0 native plugins for Editor in 0.00 ms.
Unloading 2844 Unused Serialized files (Serialized files now loaded: 0)
System memory in use before: 124.0 MB.
System memory in use after: 124.2 MB.

Unloading 8 unused Assets to reduce memory usage. Loaded Objects now: 3428.
Total: 2.276900 ms (FindLiveObjects: 0.261900 ms CreateObjectMapping: 0.136200 ms MarkObjects: 1.861600 ms  DeleteObjects: 0.016300 ms)

========================================================================
Received Prepare
Registering precompiled user dll's ...
Registered in 0.001313 seconds.
Begin MonoManager ReloadAssembly
Native extension for WindowsStandalone target not found
Native extension for WebGL target not found
Refreshing native plugins compatible for Editor in 0.44 ms, found 1 plugins.
Preloading 0 native plugins for Editor in 0.00 ms.
Mono: successfully reloaded assembly
- Completed reload, in  0.921 seconds
Platform modules already initialized, skipping
Shader 'Universal Render Pipeline/Particles/Lit': fallback shader 'Universal Render Pipeline/Particles/SimpleLit' not found
Refreshing native plugins compatible for Editor in 0.48 ms, found 1 plugins.
Preloading 0 native plugins for Editor in 0.00 ms.
Unloading 2844 Unused Serialized files (Serialized files now loaded: 0)
System memory in use before: 124.0 MB.
System memory in use after: 124.2 MB.

Unloading 8 unused Assets to reduce memory usage. Loaded Objects now: 3432.
Total: 2.122100 ms (FindLiveObjects: 0.260000 ms CreateObjectMapping: 0.132500 ms MarkObjects: 1.713100 ms  DeleteObjects: 0.014900 ms)

========================================================================
Received Import Request.
  Time since last request: 228.272255 seconds.
  path: Assets/Scripts/AsmonScripts/MainMenu.cs
  artifactKey: Guid(aa6871fd37f77814eb9e69e0cf1fab84) Importer(815301076,1909f56bfc062723c751e8b465ee728b)
Start importing Assets/Scripts/AsmonScripts/MainMenu.cs using Guid(aa6871fd37f77814eb9e69e0cf1fab84) Importer(815301076,1909f56bfc062723c751e8b465ee728b)  -> (artifact id: '5964cd9caffdcfb3a3d4f7e332d187a3') in 0.005617 seconds
  Import took 0.009716 seconds .

========================================================================
Received Import Request.
  Time since last request: 2628.760157 seconds.
  path: Assets/Graphics/GUI/PlaceHolders/Window.png
  artifactKey: Guid(2458a433e2d409540837819479a11491) Importer(815301076,1909f56bfc062723c751e8b465ee728b)
Start importing Assets/Graphics/GUI/PlaceHolders/Window.png using Guid(2458a433e2d409540837819479a11491) Importer(815301076,1909f56bfc062723c751e8b465ee728b)  -> (artifact id: 'f68a8d568c1a9f7a47608865984db193') in 0.299951 seconds
  Import took 0.309145 seconds .

========================================================================
Received Import Request.
  Time since last request: 0.001499 seconds.
  path: Assets/Graphics/GUI/PlaceHolders/Window.png
  artifactKey: Guid(2458a433e2d409540837819479a11491) Importer(815301076,1909f56bfc062723c751e8b465ee728b)
Start importing Assets/Graphics/GUI/PlaceHolders/Window.png using Guid(2458a433e2d409540837819479a11491) Importer(815301076,1909f56bfc062723c751e8b465ee728b)  -> (artifact id: 'f68a8d568c1a9f7a47608865984db193') in 0.144506 seconds
  Import took 0.150173 seconds .

========================================================================
Received Import Request.
  Time since last request: 2.620125 seconds.
  path: Assets/Materials/TexturesCom_BirdsVarious0002_1_S.jpg
  artifactKey: Guid(3d21b6465407652468b771a094a1f3d7) Importer(815301076,1909f56bfc062723c751e8b465ee728b)
Start importing Assets/Materials/TexturesCom_BirdsVarious0002_1_S.jpg using Guid(3d21b6465407652468b771a094a1f3d7) Importer(815301076,1909f56bfc062723c751e8b465ee728b)  -> (artifact id: 'b111df1bed62ce81bdae8279a0cec169') in 0.015362 seconds
  Import took 0.019481 seconds .

========================================================================
Received Import Request.
  Time since last request: 0.308921 seconds.
  path: Assets/Graphics/GUI/PlaceHolders/Button.png
  artifactKey: Guid(4a13fb34867be024197a051bf4fc705e) Importer(815301076,1909f56bfc062723c751e8b465ee728b)
Start importing Assets/Graphics/GUI/PlaceHolders/Button.png using Guid(4a13fb34867be024197a051bf4fc705e) Importer(815301076,1909f56bfc062723c751e8b465ee728b)  -> (artifact id: 'c458b689512fa42534c809025818aa45') in 0.309779 seconds
  Import took 0.314730 seconds .

========================================================================
Received Import Request.
  Time since last request: 0.000243 seconds.
  path: Assets/Materials/Moon.jpg
  artifactKey: Guid(a653364aceae4164c9b500e71a450070) Importer(815301076,1909f56bfc062723c751e8b465ee728b)
Start importing Assets/Materials/Moon.jpg using Guid(a653364aceae4164c9b500e71a450070) Importer(815301076,1909f56bfc062723c751e8b465ee728b)  -> (artifact id: '4716c3c10e2de4733358365076f2f697') in 0.015213 seconds
  Import took 0.019313 seconds .

========================================================================
Received Import Request.
  Time since last request: 0.000236 seconds.
  path: Assets/Materials/Map.jpg
  artifactKey: Guid(14c399a9f3b55a140977845922805c96) Importer(815301076,1909f56bfc062723c751e8b465ee728b)
Start importing Assets/Materials/Map.jpg using Guid(14c399a9f3b55a140977845922805c96) Importer(815301076,1909f56bfc062723c751e8b465ee728b)  -> (artifact id: '228d38e462c558ab1745652258fcf70f') in 0.019955 seconds
  Import took 0.024462 seconds .

========================================================================
Received Prepare
Registering precompiled user dll's ...
Registered in 0.001297 seconds.
Begin MonoManager ReloadAssembly
Native extension for WindowsStandalone target not found
Native extension for WebGL target not found
Refreshing native plugins compatible for Editor in 0.70 ms, found 1 plugins.
Preloading 0 native plugins for Editor in 0.00 ms.
Mono: successfully reloaded assembly
- Completed reload, in  0.901 seconds
Platform modules already initialized, skipping
Shader 'Universal Render Pipeline/Particles/Lit': fallback shader 'Universal Render Pipeline/Particles/SimpleLit' not found
Refreshing native plugins compatible for Editor in 0.47 ms, found 1 plugins.
Preloading 0 native plugins for Editor in 0.00 ms.
Unloading 2844 Unused Serialized files (Serialized files now loaded: 0)
System memory in use before: 127.2 MB.
System memory in use after: 127.4 MB.

Unloading 8 unused Assets to reduce memory usage. Loaded Objects now: 3566.
Total: 2.193900 ms (FindLiveObjects: 0.268500 ms CreateObjectMapping: 0.134500 ms MarkObjects: 1.774300 ms  DeleteObjects: 0.015600 ms)

========================================================================
Received Prepare
Registering precompiled user dll's ...
Registered in 0.001386 seconds.
Begin MonoManager ReloadAssembly
Native extension for WindowsStandalone target not found
Native extension for WebGL target not found
Refreshing native plugins compatible for Editor in 0.62 ms, found 1 plugins.
Preloading 0 native plugins for Editor in 0.00 ms.
Mono: successfully reloaded assembly
- Completed reload, in  0.833 seconds
Platform modules already initialized, skipping
Shader 'Universal Render Pipeline/Particles/Lit': fallback shader 'Universal Render Pipeline/Particles/SimpleLit' not found
Refreshing native plugins compatible for Editor in 0.45 ms, found 1 plugins.
Preloading 0 native plugins for Editor in 0.00 ms.
Unloading 2844 Unused Serialized files (Serialized files now loaded: 0)
System memory in use before: 127.2 MB.
System memory in use after: 127.5 MB.

Unloading 8 unused Assets to reduce memory usage. Loaded Objects now: 3570.
Total: 3.146700 ms (FindLiveObjects: 0.283800 ms CreateObjectMapping: 0.125200 ms MarkObjects: 2.714100 ms  DeleteObjects: 0.022500 ms)

========================================================================
Received Prepare
Registering precompiled user dll's ...
Registered in 0.001288 seconds.
Begin MonoManager ReloadAssembly
Native extension for WindowsStandalone target not found
Native extension for WebGL target not found
Refreshing native plugins compatible for Editor in 0.48 ms, found 1 plugins.
Preloading 0 native plugins for Editor in 0.00 ms.
Mono: successfully reloaded assembly
- Completed reload, in  0.819 seconds
Platform modules already initialized, skipping
Shader 'Universal Render Pipeline/Particles/Lit': fallback shader 'Universal Render Pipeline/Particles/SimpleLit' not found
Refreshing native plugins compatible for Editor in 0.45 ms, found 1 plugins.
Preloading 0 native plugins for Editor in 0.00 ms.
Unloading 2844 Unused Serialized files (Serialized files now loaded: 0)
System memory in use before: 127.2 MB.
System memory in use after: 127.5 MB.

Unloading 8 unused Assets to reduce memory usage. Loaded Objects now: 3574.
Total: 2.595300 ms (FindLiveObjects: 0.295200 ms CreateObjectMapping: 0.149600 ms MarkObjects: 2.128400 ms  DeleteObjects: 0.020500 ms)

========================================================================
Received Prepare
Registering precompiled user dll's ...
Registered in 0.001254 seconds.
Begin MonoManager ReloadAssembly
Native extension for WindowsStandalone target not found
Native extension for WebGL target not found
Refreshing native plugins compatible for Editor in 0.53 ms, found 1 plugins.
Preloading 0 native plugins for Editor in 0.00 ms.
Mono: successfully reloaded assembly
- Completed reload, in  0.824 seconds
Platform modules already initialized, skipping
Shader 'Universal Render Pipeline/Particles/Lit': fallback shader 'Universal Render Pipeline/Particles/SimpleLit' not found
Refreshing native plugins compatible for Editor in 0.47 ms, found 1 plugins.
Preloading 0 native plugins for Editor in 0.00 ms.
Unloading 2844 Unused Serialized files (Serialized files now loaded: 0)
System memory in use before: 127.3 MB.
System memory in use after: 127.5 MB.

Unloading 8 unused Assets to reduce memory usage. Loaded Objects now: 3578.
Total: 3.182500 ms (FindLiveObjects: 0.266900 ms CreateObjectMapping: 0.129300 ms MarkObjects: 2.769300 ms  DeleteObjects: 0.015300 ms)

========================================================================
Received Prepare
Registering precompiled user dll's ...
Registered in 0.001323 seconds.
Begin MonoManager ReloadAssembly
Native extension for WindowsStandalone target not found
Native extension for WebGL target not found
Refreshing native plugins compatible for Editor in 0.47 ms, found 1 plugins.
Preloading 0 native plugins for Editor in 0.00 ms.
Mono: successfully reloaded assembly
- Completed reload, in  0.808 seconds
Platform modules already initialized, skipping
Shader 'Universal Render Pipeline/Particles/Lit': fallback shader 'Universal Render Pipeline/Particles/SimpleLit' not found
Refreshing native plugins compatible for Editor in 0.45 ms, found 1 plugins.
Preloading 0 native plugins for Editor in 0.00 ms.
Unloading 2844 Unused Serialized files (Serialized files now loaded: 0)
System memory in use before: 127.3 MB.
System memory in use after: 127.5 MB.

Unloading 8 unused Assets to reduce memory usage. Loaded Objects now: 3582.
Total: 2.815800 ms (FindLiveObjects: 0.294900 ms CreateObjectMapping: 0.211000 ms MarkObjects: 2.284000 ms  DeleteObjects: 0.024700 ms)

